# JRE version: OpenJDK Runtime Environment (21.0.8) (build 21.0.8+-14196175-b1038.72)
# Java VM: OpenJDK 64-Bit Server VM (21.0.8+-14196175-b1038.72, mixed mode, tiered, compressed oops, compressed class ptrs, g1 gc, windows-amd64)
GC Precious Log:
 CardTable entry size: 512
 Card Set container configuration: InlinePtr #cards 5 size 8 Array Of Cards #cards 12 size 40 Howl #buckets 4 coarsen threshold 1843 Howl Bitmap #cards 512 size 80 coarsen threshold 460 Card regions per heap region 1 cards per card region 2048
 CPUs: 8 total, 8 available
 Memory: 14283M
 Large Page Support: Disabled
 NUMA Support: Disabled
 Compressed Oops: Enabled (32-bit)
 Heap Region Size: 1M
 Heap Min Capacity: 8M
 Heap Initial Capacity: 224M
 Heap Max Capacity: 2G
 Pre-touch: Disabled
 Parallel Workers: 8
 Concurrent Workers: 2
 Concurrent Refinement Workers: 8
 Periodic GC: Disabled
Heap:
 garbage-first heap   total 437248K, used 271503K [0x0000000080000000, 0x0000000100000000)
  region size 1024K, 15 young (15360K), 12 survivors (12288K)
 Metaspace       used 221081K, committed 224064K, reserved 1245184K
  class space    used 29369K, committed 30848K, reserved 1048576K
GC Heap History (20 events):
Event: 93.451 GC heap before
{Heap before GC invocations=66 (full 0):
 garbage-first heap   total 347136K, used 314638K [0x0000000080000000, 0x0000000100000000)
  region size 1024K, 102 young (104448K), 13 survivors (13312K)
 Metaspace       used 182798K, committed 185664K, reserved 1245184K
  class space    used 25220K, committed 26624K, reserved 1048576K
}
Event: 93.469 GC heap after
{Heap after GC invocations=67 (full 0):
 garbage-first heap   total 347136K, used 228695K [0x0000000080000000, 0x0000000100000000)
  region size 1024K, 6 young (6144K), 6 survivors (6144K)
 Metaspace       used 182798K, committed 185664K, reserved 1245184K
  class space    used 25220K, committed 26624K, reserved 1048576K
}
Event: 93.672 GC heap before
{Heap before GC invocations=67 (full 0):
 garbage-first heap   total 347136K, used 235863K [0x0000000080000000, 0x0000000100000000)
  region size 1024K, 14 young (14336K), 6 survivors (6144K)
 Metaspace       used 183736K, committed 186560K, reserved 1245184K
  class space    used 25333K, committed 26688K, reserved 1048576K
}
Event: 93.679 GC heap after
{Heap after GC invocations=68 (full 0):
 garbage-first heap   total 347136K, used 228961K [0x0000000080000000, 0x0000000100000000)
  region size 1024K, 6 young (6144K), 6 survivors (6144K)
 Metaspace       used 183736K, committed 186560K, reserved 1245184K
  class space    used 25333K, committed 26688K, reserved 1048576K
}
Event: 95.827 GC heap before
{Heap before GC invocations=69 (full 0):
 garbage-first heap   total 382976K, used 320097K [0x0000000080000000, 0x0000000100000000)
  region size 1024K, 95 young (97280K), 6 survivors (6144K)
 Metaspace       used 189019K, committed 191872K, reserved 1245184K
  class space    used 25932K, committed 27328K, reserved 1048576K
}
Event: 95.841 GC heap after
{Heap after GC invocations=70 (full 0):
 garbage-first heap   total 382976K, used 234160K [0x0000000080000000, 0x0000000100000000)
  region size 1024K, 12 young (12288K), 12 survivors (12288K)
 Metaspace       used 189019K, committed 191872K, reserved 1245184K
  class space    used 25932K, committed 27328K, reserved 1048576K
}
Event: 98.115 GC heap before
{Heap before GC invocations=70 (full 0):
 garbage-first heap   total 382976K, used 349872K [0x0000000080000000, 0x0000000100000000)
  region size 1024K, 125 young (128000K), 12 survivors (12288K)
 Metaspace       used 205607K, committed 208448K, reserved 1245184K
  class space    used 27633K, committed 28992K, reserved 1048576K
}
Event: 98.131 GC heap after
{Heap after GC invocations=71 (full 0):
 garbage-first heap   total 382976K, used 235088K [0x0000000080000000, 0x0000000100000000)
  region size 1024K, 14 young (14336K), 14 survivors (14336K)
 Metaspace       used 205607K, committed 208448K, reserved 1245184K
  class space    used 27633K, committed 28992K, reserved 1048576K
}
Event: 98.607 GC heap before
{Heap before GC invocations=71 (full 0):
 garbage-first heap   total 382976K, used 264784K [0x0000000080000000, 0x0000000100000000)
  region size 1024K, 44 young (45056K), 14 survivors (14336K)
 Metaspace       used 207167K, committed 210048K, reserved 1245184K
  class space    used 27774K, committed 29184K, reserved 1048576K
}
Event: 98.621 GC heap after
{Heap after GC invocations=72 (full 0):
 garbage-first heap   total 382976K, used 238476K [0x0000000080000000, 0x0000000100000000)
  region size 1024K, 10 young (10240K), 10 survivors (10240K)
 Metaspace       used 207167K, committed 210048K, reserved 1245184K
  class space    used 27774K, committed 29184K, reserved 1048576K
}
Event: 100.621 GC heap before
{Heap before GC invocations=73 (full 0):
 garbage-first heap   total 401408K, used 350092K [0x0000000080000000, 0x0000000100000000)
  region size 1024K, 119 young (121856K), 10 survivors (10240K)
 Metaspace       used 215373K, committed 218368K, reserved 1245184K
  class space    used 28787K, committed 30272K, reserved 1048576K
}
Event: 100.633 GC heap after
{Heap after GC invocations=74 (full 0):
 garbage-first heap   total 401408K, used 240359K [0x0000000080000000, 0x0000000100000000)
  region size 1024K, 6 young (6144K), 6 survivors (6144K)
 Metaspace       used 215373K, committed 218368K, reserved 1245184K
  class space    used 28787K, committed 30272K, reserved 1048576K
}
Event: 103.092 GC heap before
{Heap before GC invocations=74 (full 0):
 garbage-first heap   total 401408K, used 373479K [0x0000000080000000, 0x0000000100000000)
  region size 1024K, 136 young (139264K), 6 survivors (6144K)
 Metaspace       used 219843K, committed 222848K, reserved 1245184K
  class space    used 29237K, committed 30720K, reserved 1048576K
}
Event: 103.111 GC heap after
{Heap after GC invocations=75 (full 0):
 garbage-first heap   total 401408K, used 240158K [0x0000000080000000, 0x0000000100000000)
  region size 1024K, 9 young (9216K), 9 survivors (9216K)
 Metaspace       used 219843K, committed 222848K, reserved 1245184K
  class space    used 29237K, committed 30720K, reserved 1048576K
}
Event: 104.978 GC heap before
{Heap before GC invocations=75 (full 0):
 garbage-first heap   total 401408K, used 369182K [0x0000000080000000, 0x0000000100000000)
  region size 1024K, 136 young (139264K), 9 survivors (9216K)
 Metaspace       used 220618K, committed 223616K, reserved 1245184K
  class space    used 29346K, committed 30848K, reserved 1048576K
}
Event: 105.029 GC heap after
{Heap after GC invocations=76 (full 0):
 garbage-first heap   total 401408K, used 261478K [0x0000000080000000, 0x0000000100000000)
  region size 1024K, 17 young (17408K), 17 survivors (17408K)
 Metaspace       used 220618K, committed 223616K, reserved 1245184K
  class space    used 29346K, committed 30848K, reserved 1048576K
}
Event: 107.310 GC heap before
{Heap before GC invocations=77 (full 0):
 garbage-first heap   total 437248K, used 359782K [0x0000000080000000, 0x0000000100000000)
  region size 1024K, 114 young (116736K), 17 survivors (17408K)
 Metaspace       used 220989K, committed 224000K, reserved 1245184K
  class space    used 29367K, committed 30848K, reserved 1048576K
}
Event: 107.359 GC heap after
{Heap after GC invocations=78 (full 0):
 garbage-first heap   total 437248K, used 267263K [0x0000000080000000, 0x0000000100000000)
  region size 1024K, 7 young (7168K), 7 survivors (7168K)
 Metaspace       used 220989K, committed 224000K, reserved 1245184K
  class space    used 29367K, committed 30848K, reserved 1048576K
}
Event: 111.804 GC heap before
{Heap before GC invocations=78 (full 0):
 garbage-first heap   total 437248K, used 401407K [0x0000000080000000, 0x0000000100000000)
  region size 1024K, 138 young (141312K), 7 survivors (7168K)
 Metaspace       used 221052K, committed 224064K, reserved 1245184K
  class space    used 29369K, committed 30848K, reserved 1048576K
}
Event: 111.831 GC heap after
{Heap after GC invocations=79 (full 0):
 garbage-first heap   total 437248K, used 267360K [0x0000000080000000, 0x0000000100000000)
  region size 1024K, 10 young (10240K), 10 survivors (10240K)
 Metaspace       used 221052K, committed 224064K, reserved 1245184K
  class space    used 29369K, committed 30848K, reserved 1048576K
}

